2026-05-06 13:47:51,530 - INFO - Platform Darwin
2026-05-06 13:47:51,530 - INFO - libnixar_core.dylib
2026-05-06 13:47:51,536 - INFO - libnixar_core was loaded
nixar-core init logging
Set logging level ERROR
2026-05-06 13:47:51,541 - DEBUG - libnixar-core Initialize logging to ERROR
2026-05-06 13:47:51,542 - INFO - Agent will be created with {"alias": "trustee", "base64Seed": "MDAwMDAwMDAwMDAwMDAwMDAwMDAwMDAwVHJ1c3RlZTE=", "role": "TRUSTEE", "genesisPath": "/Users/personaone/source/ssi/nixar-backend/nixar_api_python/genesis.txn", "walletInitParams": {"jsonWalletInitParams": {"walletName": "trustee"}}}
2026-05-06 13:47:52,747 - DEBUG - Using selector: KqueueSelector
INFO:     Started server process [64049]
INFO:     Waiting for application startup.
INFO:     Application startup complete.
INFO:     Uvicorn running on http://0.0.0.0:8000 (Press CTRL+C to quit)
INFO:     127.0.0.1:61951 - "GET /docs HTTP/1.1" 200 OK
INFO:     127.0.0.1:61971 - "GET /docs HTTP/1.1" 200 OK
INFO:     127.0.0.1:61971 - "GET /openapi.json HTTP/1.1" 200 OK
INFO:     127.0.0.1:62450 - "GET /docs HTTP/1.1" 200 OK
INFO:     127.0.0.1:62450 - "GET /openapi.json HTTP/1.1" 200 OK
INFO:     127.0.0.1:62683 - "GET /docs HTTP/1.1" 200 OK
INFO:     127.0.0.1:62683 - "GET /openapi.json HTTP/1.1" 200 OK
INFO:     127.0.0.1:62725 - "POST /api/v1/agents/init HTTP/1.1" 403 Forbidden
2026-05-06 14:36:38,128 - INFO - Platform Darwin
2026-05-06 14:36:38,129 - INFO - libnixar_core.dylib
2026-05-06 14:36:38,133 - INFO - libnixar_core was loaded
nixar-core init logging
Set logging level ERROR
2026-05-06 14:36:38,139 - DEBUG - libnixar-core Initialize logging to ERROR
Cannot configure logger Error: (InvalidState)
  Caused by: attempted to set a logger after the logging system was already initialized

2026-05-06 14:36:38,140 - INFO - Agent will be created with {"alias": "YunusEmreAjan1", "base64Seed": "MDAwMDAwMDAwMDAwMDAwMDAwMDAwMDAwMDAwMDBZTlM=", "role": null, "genesisPath": "/Users/personaone/source/ssi/nixar-backend/nixar_api_python/genesis.txn", "walletInitParams": {"jsonWalletInitParams": {"walletName": "YunusEmreAjan1"}}}
INFO:     127.0.0.1:62727 - "POST /api/v1/agents/init HTTP/1.1" 200 OK
INFO:     127.0.0.1:62762 - "GET /api/v1/agents/YunusEmreAjan1/did HTTP/1.1" 200 OK
INFO:     127.0.0.1:63328 - "GET /docs HTTP/1.1" 200 OK
INFO:     127.0.0.1:63328 - "GET /openapi.json HTTP/1.1" 200 OK
2026-05-06 15:09:23,594 - INFO - Platform Darwin
2026-05-06 15:09:23,595 - INFO - libnixar_core.dylib
2026-05-06 15:09:23,598 - INFO - libnixar_core was loaded
nixar-core init logging
Set logging level ERROR
2026-05-06 15:09:23,605 - DEBUG - libnixar-core Initialize logging to ERROR
Cannot configure logger Error: (InvalidState)
  Caused by: attempted to set a logger after the logging system was already initialized

2026-05-06 15:09:23,606 - INFO - Agent will be created with {"alias": "YunusEmreEndorser", "base64Seed": "MDAwMDAwMDAwMDAwMDAwMDAwMDAwMDAwMDAwMDBZTlM=", "role": "ENDORSER", "genesisPath": "/Users/personaone/source/ssi/nixar-backend/nixar_api_python/genesis.txn", "walletInitParams": {"jsonWalletInitParams": {"walletName": "YunusEmreEndorser"}}}
2026-05-06 15:09:25,132 - ERROR - {"code":"AgentNotRegistered","value":"{\"did\":\"U5GFzcErLaNzvSkU6PxZdv\", \"verkey\":\"Fkr7U28wcn4oVuzup4m3NbvNwa1M9EjoBdGrYRrkD4Xb\"}"}
2026-05-06 15:09:25,133 - WARNING - {'code': 'AgentNotRegistered', 'value': '{"did":"U5GFzcErLaNzvSkU6PxZdv", "verkey":"Fkr7U28wcn4oVuzup4m3NbvNwa1M9EjoBdGrYRrkD4Xb"}'}
2026-05-06 15:09:25,133 - INFO - Agent registration info {"did": "U5GFzcErLaNzvSkU6PxZdv", "verkey": "Fkr7U28wcn4oVuzup4m3NbvNwa1M9EjoBdGrYRrkD4Xb", "alias": "YunusEmreEndorser", "role": "ENDORSER"}
Result "REPLY"
2026-05-06 15:09:26,200 - INFO - Platform Darwin
2026-05-06 15:09:26,201 - INFO - libnixar_core.dylib
2026-05-06 15:09:26,201 - INFO - libnixar_core was loaded
nixar-core init logging
Set logging level ERROR
2026-05-06 15:09:26,202 - DEBUG - libnixar-core Initialize logging to ERROR
Cannot configure logger Error: (InvalidState)
  Caused by: attempted to set a logger after the logging system was already initialized

2026-05-06 15:09:26,203 - INFO - Agent will be created with {"alias": "YunusEmreEndorser", "base64Seed": "MDAwMDAwMDAwMDAwMDAwMDAwMDAwMDAwMDAwMDBZTlM=", "role": "ENDORSER", "genesisPath": "/Users/personaone/source/ssi/nixar-backend/nixar_api_python/genesis.txn", "walletInitParams": {"jsonWalletInitParams": {"walletName": "YunusEmreEndorser"}}}
INFO:     127.0.0.1:63532 - "POST /api/v1/agents/init HTTP/1.1" 200 OK
2026-05-06 15:12:41,046 - INFO - Platform Darwin
2026-05-06 15:12:41,047 - INFO - libnixar_core.dylib
2026-05-06 15:12:41,047 - INFO - libnixar_core was loaded
nixar-core init logging
Set logging level ERROR
2026-05-06 15:12:41,049 - DEBUG - libnixar-core Initialize logging to ERROR
Cannot configure logger Error: (InvalidState)
  Caused by: attempted to set a logger after the logging system was already initialized

2026-05-06 15:12:41,049 - INFO - Agent will be created with {"alias": "YunusEmreEndorser2", "base64Seed": "MDAwMDAwMDAwMDAwMDAwMDAwMDAwMDAwMDAwMDBZS1M=", "role": "ENDORSER", "genesisPath": "/Users/personaone/source/ssi/nixar-backend/nixar_api_python/genesis.txn", "walletInitParams": {"jsonWalletInitParams": {"walletName": "YunusEmreEndorser2"}}}
2026-05-06 15:12:42,543 - ERROR - {"code":"AgentNotRegistered","value":"{\"did\":\"3T6LVPTpwqQgyPU71rqA7C\", \"verkey\":\"2LSosxcmUushLq8R4yRXRSo8KzaX9sbWryrKWyrQjHJx\"}"}
2026-05-06 15:12:42,543 - WARNING - {'code': 'AgentNotRegistered', 'value': '{"did":"3T6LVPTpwqQgyPU71rqA7C", "verkey":"2LSosxcmUushLq8R4yRXRSo8KzaX9sbWryrKWyrQjHJx"}'}
2026-05-06 15:12:42,543 - INFO - Agent registration info {"did": "3T6LVPTpwqQgyPU71rqA7C", "verkey": "2LSosxcmUushLq8R4yRXRSo8KzaX9sbWryrKWyrQjHJx", "alias": "YunusEmreEndorser2", "role": "ENDORSER"}
Result "REPLY"
2026-05-06 15:12:43,620 - INFO - Platform Darwin
2026-05-06 15:12:43,620 - INFO - libnixar_core.dylib
2026-05-06 15:12:43,620 - INFO - libnixar_core was loaded
nixar-core init logging
Set logging level ERROR
2026-05-06 15:12:43,621 - DEBUG - libnixar-core Initialize logging to ERROR
Cannot configure logger Error: (InvalidState)
  Caused by: attempted to set a logger after the logging system was already initialized

2026-05-06 15:12:43,622 - INFO - Agent will be created with {"alias": "YunusEmreEndorser2", "base64Seed": "MDAwMDAwMDAwMDAwMDAwMDAwMDAwMDAwMDAwMDBZS1M=", "role": "ENDORSER", "genesisPath": "/Users/personaone/source/ssi/nixar-backend/nixar_api_python/genesis.txn", "walletInitParams": {"jsonWalletInitParams": {"walletName": "YunusEmreEndorser2"}}}
INFO:     127.0.0.1:63655 - "POST /api/v1/agents/init HTTP/1.1" 200 OK
INFO:     127.0.0.1:63849 - "GET /docs HTTP/1.1" 200 OK
INFO:     127.0.0.1:63849 - "GET /openapi.json HTTP/1.1" 200 OK
2026-05-06 15:20:43,689 - INFO - Platform Darwin
2026-05-06 15:20:43,692 - INFO - libnixar_core.dylib
2026-05-06 15:20:43,693 - INFO - libnixar_core was loaded
nixar-core init logging
Set logging level ERROR
2026-05-06 15:20:43,694 - DEBUG - libnixar-core Initialize logging to ERROR
Cannot configure logger Error: (InvalidState)
  Caused by: attempted to set a logger after the logging system was already initialized

2026-05-06 15:20:43,695 - INFO - Agent will be created with {"alias": "YunusEmreAgent1", "base64Seed": "MDAwMDAwMDAwMDAwMDAwMDAwMDAwMDAwMDAwMDBZTlM=", "role": null, "genesisPath": "/Users/personaone/source/ssi/nixar-backend/nixar_api_python/genesis.txn", "walletInitParams": {"jsonWalletInitParams": {"walletName": "YunusEmreAgent1"}}}
INFO:     127.0.0.1:63873 - "POST /api/v1/agents/init HTTP/1.1" 200 OK
2026-05-06 15:21:14,071 - INFO - Platform Darwin
2026-05-06 15:21:14,072 - INFO - libnixar_core.dylib
2026-05-06 15:21:14,072 - INFO - libnixar_core was loaded
nixar-core init logging
Set logging level ERROR
2026-05-06 15:21:14,073 - DEBUG - libnixar-core Initialize logging to ERROR
Cannot configure logger Error: (InvalidState)
  Caused by: attempted to set a logger after the logging system was already initialized

2026-05-06 15:21:14,074 - INFO - Agent will be created with {"alias": "YunusEmreEndorser1", "base64Seed": "MDAwMDAwMDAwMDAwMDAwMDAwMDAwMDAwMDAwMDBZS1M=", "role": "ENDORSER", "genesisPath": "/Users/personaone/source/ssi/nixar-backend/nixar_api_python/genesis.txn", "walletInitParams": {"jsonWalletInitParams": {"walletName": "YunusEmreEndorser1"}}}
INFO:     127.0.0.1:63895 - "POST /api/v1/agents/init HTTP/1.1" 200 OK
INFO:     127.0.0.1:64263 - "GET /docs HTTP/1.1" 200 OK
INFO:     127.0.0.1:64263 - "GET /openapi.json HTTP/1.1" 200 OK
INFO:     127.0.0.1:64500 - "GET /docs HTTP/1.1" 200 OK
INFO:     127.0.0.1:64500 - "GET /openapi.json HTTP/1.1" 200 OK
INFO:     127.0.0.1:49160 - "POST /api/v1/agents/init HTTP/1.1" 403 Forbidden
2026-05-06 16:36:31,902 - INFO - Platform Darwin
2026-05-06 16:36:31,906 - INFO - libnixar_core.dylib
2026-05-06 16:36:31,911 - INFO - libnixar_core was loaded
nixar-core init logging
Set logging level ERROR
2026-05-06 16:36:31,916 - DEBUG - libnixar-core Initialize logging to ERROR
Cannot configure logger Error: (InvalidState)
  Caused by: attempted to set a logger after the logging system was already initialized

2026-05-06 16:36:31,917 - INFO - Agent will be created with {"alias": "YunusEmreEndorser3", "base64Seed": "MDAwMDAwMDAwMDAwMDAwMDAwMDAwMDAwMDAwMDBZTVM=", "role": "ENDORSER", "genesisPath": "/Users/personaone/source/ssi/nixar-backend/nixar_api_python/genesis.txn", "walletInitParams": {"jsonWalletInitParams": {"walletName": "YunusEmreEndorser3"}}}
2026-05-06 16:36:33,409 - ERROR - {"code":"AgentNotRegistered","value":"{\"did\":\"UQRTzEDJV5vvQMxPuvWybf\", \"verkey\":\"FwHkuNNZmNLZsCugUGkvEzutBRek1fudot3AFWnwhWTg\"}"}
2026-05-06 16:36:33,410 - WARNING - {'code': 'AgentNotRegistered', 'value': '{"did":"UQRTzEDJV5vvQMxPuvWybf", "verkey":"FwHkuNNZmNLZsCugUGkvEzutBRek1fudot3AFWnwhWTg"}'}
2026-05-06 16:36:33,410 - INFO - Agent registration info {"did": "UQRTzEDJV5vvQMxPuvWybf", "verkey": "FwHkuNNZmNLZsCugUGkvEzutBRek1fudot3AFWnwhWTg", "alias": "YunusEmreEndorser3", "role": "ENDORSER"}
Result "REPLY"
2026-05-06 16:36:34,498 - INFO - Platform Darwin
2026-05-06 16:36:34,502 - INFO - libnixar_core.dylib
2026-05-06 16:36:34,507 - INFO - libnixar_core was loaded
nixar-core init logging
Set logging level ERROR
2026-05-06 16:36:34,513 - DEBUG - libnixar-core Initialize logging to ERROR
Cannot configure logger Error: (InvalidState)
  Caused by: attempted to set a logger after the logging system was already initialized

2026-05-06 16:36:34,513 - INFO - Agent will be created with {"alias": "YunusEmreEndorser3", "base64Seed": "MDAwMDAwMDAwMDAwMDAwMDAwMDAwMDAwMDAwMDBZTVM=", "role": "ENDORSER", "genesisPath": "/Users/personaone/source/ssi/nixar-backend/nixar_api_python/genesis.txn", "walletInitParams": {"jsonWalletInitParams": {"walletName": "YunusEmreEndorser3"}}}
INFO:     127.0.0.1:49165 - "POST /api/v1/agents/init HTTP/1.1" 200 OK
INFO:     127.0.0.1:56325 - "GET /docs HTTP/1.1" 200 OK
INFO:     127.0.0.1:56325 - "GET /openapi.json HTTP/1.1" 200 OK
INFO:     127.0.0.1:59345 - "GET /docs HTTP/1.1" 200 OK
INFO:     127.0.0.1:59345 - "GET /openapi.json HTTP/1.1" 200 OK
INFO:     Shutting down
INFO:     Waiting for application shutdown.
INFO:     Application shutdown complete.
INFO:     Finished server process [64049]
